{
  "RSpec": {
    "coverage": {
      "/Users/constantine_quantum/Projects/bookmark-manager/app/app.rb": {
        "lines": [
          1,
          1,
          null,
          1,
          1,
          9,
          9,
          null,
          null,
          1,
          2,
          2,
          null,
          null,
          1,
          4,
          null,
          null,
          1,
          2,
          2,
          null,
          null,
          1,
          null
        ]
      },
      "/Users/constantine_quantum/Projects/bookmark-manager/lib/bookmark.rb": {
        "lines": [
          1,
          null,
          1,
          null,
          1,
          14,
          13,
          null,
          1,
          null,
          null,
          null,
          1,
          5,
          13,
          null,
          null,
          1,
          10,
          null,
          null,
          null
        ]
      },
      "/Users/constantine_quantum/Projects/bookmark-manager/lib/database_connection.rb": {
        "lines": [
          1,
          null,
          1,
          1,
          17,
          null,
          null,
          1,
          3,
          null,
          null,
          1,
          17,
          null,
          null
        ]
      },
      "/Users/constantine_quantum/Projects/bookmark-manager/spec/features/adding_url_spec.rb": {
        "lines": [
          1,
          null,
          1,
          1,
          1,
          1,
          null,
          null,
          1,
          1,
          1,
          1,
          null,
          null,
          1,
          1,
          1,
          1,
          null,
          null,
          1,
          1,
          1,
          1,
          1,
          1,
          null,
          null,
          1,
          1,
          1,
          1,
          1,
          1,
          1,
          1,
          null,
          null
        ]
      },
      "/Users/constantine_quantum/Projects/bookmark-manager/spec/features/home_page_spec.rb": {
        "lines": [
          1,
          1,
          null,
          1,
          1,
          1,
          1,
          null,
          null,
          1,
          1,
          null,
          null,
          1,
          1,
          1,
          null,
          1,
          null,
          1,
          1,
          1,
          null,
          null,
          1,
          1,
          1,
          null,
          null
        ]
      },
      "/Users/constantine_quantum/Projects/bookmark-manager/spec/unit/bookmark_spec.rb": {
        "lines": [
          1,
          null,
          1,
          null,
          1,
          1,
          1,
          null,
          null,
          1,
          1,
          null,
          null,
          1,
          1,
          1,
          null,
          1,
          null,
          null,
          null,
          null,
          null,
          1,
          1,
          1,
          null,
          null,
          1,
          1,
          1,
          1,
          null,
          null,
          null,
          1,
          1,
          1,
          null,
          null,
          1,
          1,
          1,
          null,
          null,
          1,
          1,
          1,
          1,
          1,
          1,
          null,
          null,
          null,
          null
        ]
      },
      "/Users/constantine_quantum/Projects/bookmark-manager/spec/unit/database_connection_spec.rb": {
        "lines": [
          1,
          null,
          1,
          1,
          1,
          1,
          null,
          1,
          null,
          null,
          1,
          null,
          1,
          1,
          null,
          null,
          null,
          1,
          1,
          1,
          1,
          null,
          1,
          null,
          null,
          null
        ]
      }
    },
    "timestamp": 1605725024
  }
}
